14
00100100 00111100 01001001 10011110 11000010 100111100
13
00001010 00010100 00101001 000010100 000101001 0000101001
7
00001001 00010001 00010010 00011110 00100000 00100010
00100011 00100111 00110011 00111101 01000000 01000100
01000111 01001000 01001100 01001111 01010010 01010011
01100001 01100111 01111000 01111001 01111011 10000000
10000100 10000101 10001000 10001111 10010000 10010001
10010010 10010011 10011001 10100100 10100110 10110000
11001000 11001111 11011000 11100001 11100100 11101100
11110000 11110010 11110110 000010010 000100011 000100100
000111101 001000000 001000100 001000111 001001000 001001001
001001111 001010011 001100111 001111000 001111001 001111011
010000000 010001000 010001111 010010001 010010010 010010011
010011001 010011110 010100100 010100110 011000010 011001111
011110000 011110010 011110110 100001001 100001010 100010001
100011110 100100000 100100010 100100100 100100111 100110011
101001001 101001100 101100001 110000100 110000101 110010000
110011110 110110000 111000010 111001000 111011000 111100001
111100100 111101100 0000100100 0001000111 0001001001 0001010011
0001111011 0010000000 0010001000 0010001111 0010010001 0010010011
0010011110 0010100110 0011001111 0011110000 0011110010 0011110110
0100010001 0100011110 0100100010 0100100100 0100100111 0100110011
0100111100 0101001001 0101001100 0110000101 0110011110 0111100001
0111100100 0111101100 1000010010 1000010100 1000100011 1000111101
1001000000 1001000100 1001001000 1001001111 1001100111 1001111000
1001111001 1010010010 1010011001 1011000010 1100001001 1100001010
1100100000 1100111100 1101100001 1110000100 1110010000 1110110000
1111000010 1111001000 1111011000
6
00000000 00000001 00000010 00000101 000000001 000000010
000000101 000001010 001010010 100000000 0000000010 0000000101
0000001010 0000010100 0001010010 0010100100 0100000000 1000000001
