a bb bb bb bb bb bb bb bb bb  a a a  a a a  a a a  a a a    a a a   cccccccccccc  dd
                                                          e         c          c  dd
 a a a  a a a  a a a bb bb bb bb bb bb bb        a a a    e         c a a a    c  dd
                                                          e         c          c  dd
        ff   g     h    h     h      h     h           eeeeeee      c          c  dd
   i i  ff    g   h h  h h   h h    h h   h h  i i        e         c    j     c  dd
    i         g    h    h     h      h     h    i      e  e    k    c   jjj    c  dd
   i i        g                                i i     e  e    kk   c    j     c  dd
               g  a     a a a      i i                 e    e  kk   c  a    a  c  dd
  a     a a a       a               i       i i     eeeeeee e   k   c          c  dd
                                   i i       i         e    e       cccccccccccc  dd
llllllllllllllllllllllllllllllll            i i        e eeeeeee                  dd
                                       g               e    e        a a a     l  dd
bb bb bb bb bb bb bb bb bb bb bb    ggg       i i  ff       e  kkk             l  dd
                                   g           i   ff       e   kkk            l  dd
a  a  a  a                                    i i                              l  dd
              i i    bb bb bb bb bb bb bb              mmm mmm mmm mmm mmm mmm l  dd
 i i           i                             bb      mmm mmm mmm mmm mmm mmm   l  dd
  i           i i    bb bb bb bb bb bb bb                                      l  dd
 i i     n n      o                        bb  i i      a  a  a  a        m    l  dd
         nnn     ooo    cccccccccccc   ff       i                         m    l  dd
          n             c          c   ff      i i        a  a  a  a     mm    l  dd
i i            n   i i  c    e     c                   g                 m     l  dd
 i     n      nnn   i   c    e     c     i i  i i     g                  mm    l  dd
i i   nnn     n n  i i  c    e     c      i    i      g   i i    i i      m    l  dd
      n n               c eeeeeee  c     i i  i i     g    i      i      mm    l  dd
i i                     c    e     c                 g    i i    i i     m     l  dd
 i    nn    nn    i i   c    e     c   j                                 mm    l  dd
i i  nn      nn    i    c    e  a  c  jjj      a  a  a  a                 m    l  dd
      nn    nn    i i   c          c   j                         p       mm    l  dd
                        cccccccccccc      ff ff ff ff ff ff ff   p  p    m     l  dd
      qqq     q   bb                      ff ff ff ff ff ff ff   ppp     mm    l  dd
 ooo          q           a  a  a  a                                      m    l  dd
  o     o o   q  ooo                                                     mm    l  dd
       oo oo      o   o      r r r r r r r r r r rrr rrr rrr rrr rrr     m     l  dd
  o     o o  ooo     ooo     rrr rrr rrr rrr rrr  r   r   r   r   r      mm    l  dd
 ooo          o           o  r r r r r r r r r r rrr rrr rrr rrr rrr      m    l  dd
                  j   q   oo                                             mm    l  dd
p            o   jjj  q   o   a                  a  a  a  a     ppp  bb  m     l  dd
p  p    a   oo    j   q             s    s                     p  p      mm    l  dd
ppp          o                      sss  sss  a a a       tttt    p       m    l  dd
        a       p     a  a  a  a    s    s                     bb   bb   mm    l  dd
qqq            p                            a  a  a  a                   m     l  dd
               p      j   a  a   a  a  a  a             bb bb   i i  bb  m     l  dd
uuu uuu kkk    ppp   jjj                    a  a  a  a           i                dd
 uu uu   kkk          j    p      i i  uuu                i i   i i    i i  vvv   dd
                           p  p    i   uu                  i            i     v   dd
bb bb bb bb bb bb bb       ppp    i i     a  a  a  a      i i  bb bb   i i    v   dd
                                                                                  dd
w   w          a         w   w          a         w   w          a         tttt   dd
 wwwww   xxxxx   y yy y   wwwww   xxxxx   y yy y   wwwww   xxxxx   y yy y         dd
 w       x   x   yyyyyy   w       x   x   yyyyyy   w       x   x   yyyyyy         dd
         x a x   y yyyy           x a x   y yyyy           x a x   y yyyy         dd
     ppp x   x          bb    ppp x   x                ppp x   x           tttt   dd
    p  p xxxxx  bb bb        p  p xxxxx      ff       p  p xxxxx      a           dd
a      p                 a      p            ff   a      p                 tttt   dd
  a b      xxxxx  w        a b      xxxxx  w        a b      xxxxx  w             dd
    b      x   x  wwwww      b      x   x  wwwww  a   b      x   x  wwwww  tttt   dd
bb     yyy x a x w   w          yyy x a x w   w          yyy x a x w   w          dd
     a  yy x   x              a  yy x   x        a     a  yy x   x         tttt   dd
   z   yyy xxxxx    qqq     z   yyy xxxxx     a      z   yyy xxxxx                dd
  z    yyy       p         z    yyy       p         z    yyy       p       tttt   dd
    a   y    b   p  p a      a   y    b   p  p a      a   y    b   p  p a         dd
bb     yyy   b   ppp    a       yyy   b   ppp    a       yyy   b   ppp     tttt   dd
                                                                                  dd
w   w          a         w   w          a         w   w          a         tttt   dd
 wwwww   xxxxx   y yy y   wwwww   xxxxx   y yy y   wwwww   xxxxx   y yy y         dd
 w       x   x   yyyyyy   w       x   x   yyyyyy   w       x   x   yyyyyy  tttt   dd
         x a x   y yyyy           x a x   y yyyy           x a x   y yyyy         dd
     ppp x   x                ppp x   x                ppp x   x           tttt   dd
    p  p xxxxx     bb        p  p xxxxx               p  p xxxxx                  dd
a      p                 a      p                 a      p                 tttt   dd
  a b      xxxxx  w        a b      xxxxx  w        a b      xxxxx  w             dd
    b      x   x  wwwww      b      x   x  wwwww      b      x   x  wwwww  tttt   dd
       yyy x a x w   w          yyy x a x w   w          yyy x a x w   w          dd
     a  yy x   x              a  yy x   x              a  yy x   x         tttt   dd
   z   yyy xxxxx     bb     z   yyy xxxxx     bb     z   yyy xxxxx                dd
  z    yyy       p         z    yyy       p         z    yyy       p       tttt   dd
    a   y    b   p  p a      a   y    b   p  p a      a   y    b   p  p a         dd
       yyy   b   ppp    bb      yyy   b   ppp     bb     yyy   b   ppp     tttt   dd
